[0m22:06:24.937429 [debug] [MainThread]: Sending event: {'category': 'dbt', 'action': 'invocation', 'label': 'start', 'context': [<snowplow_tracker.self_describing_json.SelfDescribingJson object at 0x000001F890496650>, <snowplow_tracker.self_describing_json.SelfDescribingJson object at 0x000001F890642450>, <snowplow_tracker.self_describing_json.SelfDescribingJson object at 0x000001F891736090>]}


============================== 22:06:24.956046 | 8ae667c7-fa8c-4834-9398-247cee0f610f ==============================
[0m22:06:24.956046 [info ] [MainThread]: Running with dbt=1.11.11
[0m22:06:24.958055 [debug] [MainThread]: running dbt with arguments {'static_parser': 'True', 'no_print': 'None', 'version_check': 'True', 'warn_error_options': 'WarnErrorOptionsV2(error=[], warn=[], silence=[])', 'target_path': 'None', 'printer_width': '80', 'write_json': 'True', 'introspect': 'True', 'log_cache_events': 'False', 'empty': 'None', 'cache_selected_only': 'False', 'log_format': 'default', 'debug': 'False', 'fail_fast': 'False', 'partial_parse': 'True', 'send_anonymous_usage_stats': 'True', 'quiet': 'False', 'warn_error': 'None', 'profiles_dir': 'C:\\Users\\Agar9004\\.dbt', 'indirect_selection': 'eager', 'invocation_command': 'dbt init supplychain_dbt', 'use_colors': 'True', 'use_experimental_parser': 'False', 'log_path': 'logs'}
[0m22:06:25.168621 [info ] [MainThread]: Creating dbt configuration folder at C:\Users\Agar9004\.dbt
[0m22:06:25.181905 [debug] [MainThread]: Starter project path: C:\Users\Agar9004\OneDrive - Endeavor\SupplyChain_VS\venv\Lib\site-packages\dbt\include\starter_project
[0m22:06:25.358732 [info ] [MainThread]: 
Your new dbt project "supplychain_dbt" was created!

For more information on how to configure the profiles.yml file,
please consult the dbt documentation here:

  https://docs.getdbt.com/docs/configure-your-profile

One more thing:

Need help? Don't hesitate to reach out to us via GitHub issues or on Slack:

  https://community.getdbt.com/

Happy modeling!

[0m22:06:25.360732 [info ] [MainThread]: Setting up your profile.
[0m22:06:38.306584 [debug] [MainThread]: Snowflake adapter: Setting snowflake.connector to ERROR (file logging only)
[0m22:06:38.308591 [debug] [MainThread]: Snowflake adapter: Setting botocore to ERROR (file logging only)
[0m22:06:38.308591 [debug] [MainThread]: Snowflake adapter: Setting boto3 to ERROR (file logging only)
[0m22:14:02.946728 [info ] [MainThread]: Profile supplychain_dbt written to C:\Users\Agar9004\.dbt\profiles.yml using target's profile_template.yml and your supplied values. Run 'dbt debug' to validate the connection.
[0m22:14:02.960469 [debug] [MainThread]: Command `dbt init` succeeded at 22:14:02.960469 after 458.37 seconds
[0m22:14:02.964088 [debug] [MainThread]: Sending event: {'category': 'dbt', 'action': 'invocation', 'label': 'end', 'context': [<snowplow_tracker.self_describing_json.SelfDescribingJson object at 0x000001F891735050>, <snowplow_tracker.self_describing_json.SelfDescribingJson object at 0x000001F89A02F490>, <snowplow_tracker.self_describing_json.SelfDescribingJson object at 0x000001F889A6F650>]}
[0m22:14:02.975610 [debug] [MainThread]: Flushing usage events
[0m22:14:03.151336 [debug] [MainThread]: An error was encountered while trying to flush usage events
[0m22:17:38.373553 [debug] [MainThread]: Sending event: {'category': 'dbt', 'action': 'invocation', 'label': 'start', 'context': [<snowplow_tracker.self_describing_json.SelfDescribingJson object at 0x000001DD1549EC90>, <snowplow_tracker.self_describing_json.SelfDescribingJson object at 0x000001DD153D2110>, <snowplow_tracker.self_describing_json.SelfDescribingJson object at 0x000001DD1549C190>]}


============================== 22:17:38.389333 | 6b8e043e-35b6-4397-bd39-260684510f20 ==============================
[0m22:17:38.389333 [info ] [MainThread]: Running with dbt=1.11.11
[0m22:17:38.389333 [debug] [MainThread]: running dbt with arguments {'version_check': 'True', 'no_print': 'None', 'static_parser': 'True', 'warn_error_options': 'WarnErrorOptionsV2(error=[], warn=[], silence=[])', 'target_path': 'None', 'printer_width': '80', 'write_json': 'True', 'empty': 'None', 'log_cache_events': 'False', 'introspect': 'True', 'cache_selected_only': 'False', 'fail_fast': 'False', 'debug': 'False', 'log_format': 'default', 'partial_parse': 'True', 'send_anonymous_usage_stats': 'True', 'quiet': 'False', 'warn_error': 'None', 'profiles_dir': 'C:\\Users\\Agar9004\\.dbt', 'use_colors': 'True', 'indirect_selection': 'eager', 'invocation_command': 'dbt debug', 'use_experimental_parser': 'False', 'log_path': 'logs'}
[0m22:17:38.505167 [info ] [MainThread]: dbt version: 1.11.11
[0m22:17:38.506169 [info ] [MainThread]: python version: 3.11.3
[0m22:17:38.508166 [info ] [MainThread]: python path: C:\Users\Agar9004\OneDrive - Endeavor\SupplyChain_VS\venv\Scripts\python.exe
[0m22:17:38.509167 [info ] [MainThread]: os info: Windows-10-10.0.26200-SP0
[0m22:17:42.353808 [debug] [MainThread]: Snowflake adapter: Setting snowflake.connector to ERROR (file logging only)
[0m22:17:42.353808 [debug] [MainThread]: Snowflake adapter: Setting botocore to ERROR (file logging only)
[0m22:17:42.353808 [debug] [MainThread]: Snowflake adapter: Setting boto3 to ERROR (file logging only)
[0m22:17:42.464119 [info ] [MainThread]: Using profiles dir at C:\Users\Agar9004\.dbt
[0m22:17:42.464119 [info ] [MainThread]: Using profiles.yml file at C:\Users\Agar9004\.dbt\profiles.yml
[0m22:17:42.472922 [info ] [MainThread]: Using dbt_project.yml file at C:\Users\Agar9004\OneDrive - Endeavor\SupplyChain_VS\dbt_project.yml
[0m22:17:42.482589 [info ] [MainThread]: adapter type: snowflake
[0m22:17:42.484589 [info ] [MainThread]: adapter version: 1.11.5
[0m22:17:42.486589 [info ] [MainThread]: Configuration:
[0m22:17:42.500382 [info ] [MainThread]:   profiles.yml file [[32mOK found and valid[0m]
[0m22:17:42.504038 [info ] [MainThread]:   dbt_project.yml file [[31mERROR not found[0m]
[0m22:17:42.505048 [info ] [MainThread]: Required dependencies:
[0m22:17:42.507052 [debug] [MainThread]: Executing "git --help"
[0m22:17:42.882256 [debug] [MainThread]: STDOUT: "b"usage: git [-v | --version] [-h | --help] [-C <path>] [-c <name>=<value>]\n           [--exec-path[=<path>]] [--html-path] [--man-path] [--info-path]\n           [-p | --paginate | -P | --no-pager] [--no-replace-objects] [--no-lazy-fetch]\n           [--no-optional-locks] [--no-advice] [--bare] [--git-dir=<path>]\n           [--work-tree=<path>] [--namespace=<name>] [--config-env=<name>=<envvar>]\n           <command> [<args>]\n\nThese are common Git commands used in various situations:\n\nstart a working area (see also: git help tutorial)\n   clone      Clone a repository into a new directory\n   init       Create an empty Git repository or reinitialize an existing one\n\nwork on the current change (see also: git help everyday)\n   add        Add file contents to the index\n   mv         Move or rename a file, a directory, or a symlink\n   restore    Restore working tree files\n   rm         Remove files from the working tree and from the index\n\nexamine the history and state (see also: git help revisions)\n   bisect     Use binary search to find the commit that introduced a bug\n   diff       Show changes between commits, commit and working tree, etc\n   grep       Print lines matching a pattern\n   log        Show commit logs\n   show       Show various types of objects\n   status     Show the working tree status\n\ngrow, mark and tweak your common history\n   backfill   Download missing objects in a partial clone\n   branch     List, create, or delete branches\n   commit     Record changes to the repository\n   merge      Join two or more development histories together\n   rebase     Reapply commits on top of another base tip\n   reset      Set `HEAD` or the index to a known state\n   switch     Switch branches\n   tag        Create, list, delete or verify tags\n\ncollaborate (see also: git help workflows)\n   fetch      Download objects and refs from another repository\n   pull       Fetch from and integrate with another repository or a local branch\n   push       Update remote refs along with associated objects\n\n'git help -a' and 'git help -g' list available subcommands and some\nconcept guides. See 'git help <command>' or 'git help <concept>'\nto read about a specific subcommand or concept.\nSee 'git help git' for an overview of the system.\n""
[0m22:17:42.886014 [debug] [MainThread]: STDERR: "b''"
[0m22:17:42.888033 [info ] [MainThread]:  - git [[32mOK found[0m]

[0m22:17:42.890046 [info ] [MainThread]: Connection:
[0m22:17:42.892068 [info ] [MainThread]:   account: XOGTMPM-FD65747
[0m22:17:42.892068 [info ] [MainThread]:   user: SVC_SUPPLYCHAIN
[0m22:17:42.896484 [info ] [MainThread]:   database: SUPPLYCHAIN
[0m22:17:42.898488 [info ] [MainThread]:   warehouse: COMPUTE_WH
[0m22:17:42.900487 [info ] [MainThread]:   role: ACCOUNTADMIN
[0m22:17:42.919696 [info ] [MainThread]:   schema: DM
[0m22:17:42.925725 [info ] [MainThread]:   authenticator: None
[0m22:17:42.929729 [info ] [MainThread]:   oauth_client_id: None
[0m22:17:42.933141 [info ] [MainThread]:   query_tag: None
[0m22:17:42.935151 [info ] [MainThread]:   client_session_keep_alive: False
[0m22:17:42.937151 [info ] [MainThread]:   host: None
[0m22:17:42.948159 [info ] [MainThread]:   port: None
[0m22:17:42.950160 [info ] [MainThread]:   proxy_host: None
[0m22:17:42.952159 [info ] [MainThread]:   proxy_port: None
[0m22:17:42.953161 [info ] [MainThread]:   protocol: None
[0m22:17:42.955159 [info ] [MainThread]:   connect_retries: 1
[0m22:17:42.957160 [info ] [MainThread]:   connect_timeout: None
[0m22:17:42.958161 [info ] [MainThread]:   retry_on_database_errors: False
[0m22:17:42.959161 [info ] [MainThread]:   retry_all: False
[0m22:17:42.961158 [info ] [MainThread]:   insecure_mode: False
[0m22:17:42.966852 [info ] [MainThread]:   reuse_connections: True
[0m22:17:42.969864 [info ] [MainThread]:   s3_stage_vpce_dns_name: None
[0m22:17:42.982879 [info ] [MainThread]:   platform_detection_timeout_seconds: 0.0
[0m22:17:42.985871 [info ] [MainThread]: Registered adapter: snowflake=1.11.5
[0m22:17:45.222023 [debug] [MainThread]: Acquiring new snowflake connection 'debug'
[0m22:18:01.966380 [debug] [MainThread]: Using snowflake connection "debug"
[0m22:18:01.968468 [debug] [MainThread]: On debug: select 1 as id
[0m22:18:01.970578 [debug] [MainThread]: Opening a new connection, currently in state init
[0m22:19:14.152756 [debug] [MainThread]: Snowflake adapter: Error running SQL: select 1 as id
[0m22:19:14.152756 [debug] [MainThread]: Snowflake adapter: Rolling back transaction.
[0m22:19:14.155781 [info ] [MainThread]:   Connection test: [[31mERROR[0m]

[0m22:19:14.157788 [info ] [MainThread]: [31m2 checks failed:[0m
[0m22:19:14.159798 [info ] [MainThread]: Project loading failed for the following reason:
 project path <C:\Users\Agar9004\OneDrive - Endeavor\SupplyChain_VS\dbt_project.yml> not found

[0m22:19:14.161806 [info ] [MainThread]: dbt was unable to connect to the specified database.
The database returned the following error:

  >Database Error
  250001: Could not connect to Snowflake backend after 11 attempt(s).Aborting
  Verify that the hostnames and port numbers in SYSTEM$ALLOWLIST are added to your firewall's allowed list.
  To further troubleshoot your connection you may reference the following article: https://docs.snowflake.com/en/user-guide/client-connectivity-troubleshooting/overview.

Check your database credentials and try again. For more information, visit:
https://docs.getdbt.com/docs/configure-your-profile


[0m22:19:14.166282 [debug] [MainThread]: Command `dbt debug` failed at 22:19:14.166282 after 96.05 seconds
[0m22:19:14.168282 [debug] [MainThread]: Connection 'debug' was left open.
[0m22:19:14.169283 [debug] [MainThread]: On debug: No close available on handle
[0m22:19:14.171283 [debug] [MainThread]: Sending event: {'category': 'dbt', 'action': 'invocation', 'label': 'end', 'context': [<snowplow_tracker.self_describing_json.SelfDescribingJson object at 0x000001DD153ED210>, <snowplow_tracker.self_describing_json.SelfDescribingJson object at 0x000001DD164F9DD0>, <snowplow_tracker.self_describing_json.SelfDescribingJson object at 0x000001DD1FD93BD0>]}
[0m22:19:14.172282 [debug] [MainThread]: Flushing usage events
[0m22:19:14.265365 [debug] [MainThread]: An error was encountered while trying to flush usage events
[0m15:08:57.950264 [debug] [MainThread]: Sending event: {'category': 'dbt', 'action': 'invocation', 'label': 'start', 'context': [<snowplow_tracker.self_describing_json.SelfDescribingJson object at 0x0000022865283550>, <snowplow_tracker.self_describing_json.SelfDescribingJson object at 0x00000228651DC990>, <snowplow_tracker.self_describing_json.SelfDescribingJson object at 0x0000022865283590>]}


============================== 15:08:57.966089 | a56191d7-6738-4896-abd3-495ac3fdfc87 ==============================
[0m15:08:57.966089 [info ] [MainThread]: Running with dbt=1.11.11
[0m15:08:57.968101 [debug] [MainThread]: running dbt with arguments {'version_check': 'True', 'no_print': 'None', 'static_parser': 'True', 'target_path': 'None', 'warn_error_options': 'WarnErrorOptionsV2(error=[], warn=[], silence=[])', 'printer_width': '80', 'write_json': 'True', 'introspect': 'True', 'log_cache_events': 'False', 'empty': 'False', 'cache_selected_only': 'False', 'log_format': 'default', 'debug': 'False', 'fail_fast': 'False', 'partial_parse': 'True', 'send_anonymous_usage_stats': 'True', 'quiet': 'False', 'warn_error': 'None', 'profiles_dir': 'C:\\Users\\Agar9004\\.dbt', 'indirect_selection': 'eager', 'use_colors': 'True', 'invocation_command': 'dbt run', 'use_experimental_parser': 'False', 'log_path': 'logs'}
[0m15:08:57.970112 [error] [MainThread]: Encountered an error:
Runtime Error
  No dbt_project.yml found at expected path C:\Users\Agar9004\OneDrive - Endeavor\SupplyChain_VS\dbt_project.yml
  Verify that each entry within packages.yml (and their transitive dependencies) contains a file named dbt_project.yml
  
[0m15:08:57.974138 [debug] [MainThread]: Command `dbt run` failed at 15:08:57.974138 after 0.39 seconds
[0m15:08:57.975895 [debug] [MainThread]: Sending event: {'category': 'dbt', 'action': 'invocation', 'label': 'end', 'context': [<snowplow_tracker.self_describing_json.SelfDescribingJson object at 0x00000228652830D0>, <snowplow_tracker.self_describing_json.SelfDescribingJson object at 0x0000022865283FD0>, <snowplow_tracker.self_describing_json.SelfDescribingJson object at 0x0000022865283910>]}
[0m15:08:57.977139 [debug] [MainThread]: Flushing usage events
[0m15:08:58.193179 [debug] [MainThread]: An error was encountered while trying to flush usage events
[0m19:41:18.145570 [debug] [MainThread]: Sending event: {'category': 'dbt', 'action': 'invocation', 'label': 'start', 'context': [<snowplow_tracker.self_describing_json.SelfDescribingJson object at 0x00000205AE2C8ED0>, <snowplow_tracker.self_describing_json.SelfDescribingJson object at 0x00000205AE2C9810>, <snowplow_tracker.self_describing_json.SelfDescribingJson object at 0x00000205AE37C610>]}


============================== 19:41:18.155616 | 64d9a24f-5b10-461b-b464-c444285545cc ==============================
[0m19:41:18.155616 [info ] [MainThread]: Running with dbt=1.11.11
[0m19:41:18.156126 [debug] [MainThread]: running dbt with arguments {'version_check': 'True', 'no_print': 'None', 'static_parser': 'True', 'warn_error_options': 'WarnErrorOptionsV2(error=[], warn=[], silence=[])', 'target_path': 'None', 'printer_width': '80', 'write_json': 'True', 'introspect': 'True', 'log_cache_events': 'False', 'empty': 'False', 'cache_selected_only': 'False', 'fail_fast': 'False', 'debug': 'False', 'log_format': 'default', 'partial_parse': 'True', 'send_anonymous_usage_stats': 'True', 'quiet': 'False', 'warn_error': 'None', 'profiles_dir': 'C:\\Users\\Agar9004\\.dbt', 'indirect_selection': 'eager', 'invocation_command': 'dbt run', 'use_colors': 'True', 'use_experimental_parser': 'False', 'log_path': 'logs'}
[0m19:41:18.158139 [error] [MainThread]: Encountered an error:
Runtime Error
  No dbt_project.yml found at expected path C:\Users\Agar9004\OneDrive - Endeavor\SupplyChain_VS\dbt_project.yml
  Verify that each entry within packages.yml (and their transitive dependencies) contains a file named dbt_project.yml
  
[0m19:41:18.161655 [debug] [MainThread]: Command `dbt run` failed at 19:41:18.161655 after 0.30 seconds
[0m19:41:18.163665 [debug] [MainThread]: Sending event: {'category': 'dbt', 'action': 'invocation', 'label': 'end', 'context': [<snowplow_tracker.self_describing_json.SelfDescribingJson object at 0x00000205AE2C9810>, <snowplow_tracker.self_describing_json.SelfDescribingJson object at 0x00000205AE37DB50>, <snowplow_tracker.self_describing_json.SelfDescribingJson object at 0x00000205AE10B890>]}
[0m19:41:18.163665 [debug] [MainThread]: Flushing usage events
[0m19:41:18.376517 [debug] [MainThread]: An error was encountered while trying to flush usage events
